<?xml version="1.0" encoding="UTF-8"?>
<!-- Generated by org.testng.reporters.JUnitXMLReporter -->
<testsuite ignored="0" hostname="LAPTOP-CHVA6T2O" failures="0" tests="3" name="Command line test" time="0.065" errors="0" timestamp="2021-03-20T18:33:34 IST">
  <testcase classname="com.spicejet.qa.testcases.LoginPageTest" name="@BeforeMethod setUp" time="-1.616245414297E9">
    <failure type="org.testng.TestNGException" message="
Can inject only one of &amp;lt;ITestContext, XmlTest, Method, Object[], ITestResult&amp;gt; into a @BeforeMethod annotated setUp.
For more information on native dependency injection please refer to https://testng.org/doc/documentation-main.html#native-dependency-injection">
      <![CDATA[org.testng.TestNGException: 
Can inject only one of <ITestContext, XmlTest, Method, Object[], ITestResult> into a @BeforeMethod annotated setUp.
For more information on native dependency injection please refer to https://testng.org/doc/documentation-main.html#native-dependency-injection
at java.base/java.util.ArrayList.forEach(ArrayList.java:1511)
at com.spicejet.qa.testcases.TestRunner.main(TestRunner.java:16)
... Removed 25 stack frames]]>
    </failure>
  </testcase> <!-- @BeforeMethod setUp -->
  <testcase classname="com.spicejet.qa.testcases.LoginPageTest" name="@AfterMethod tearDown" time="-1.616245414308E9">
    <skipped/>
  </testcase> <!-- @AfterMethod tearDown -->
  <testcase classname="com.spicejet.qa.testcases.LoginPageTest" name="@BeforeMethod setUp" time="-1.61624541431E9">
    <skipped/>
  </testcase> <!-- @BeforeMethod setUp -->
  <testcase classname="com.spicejet.qa.testcases.LoginPageTest" name="@AfterMethod tearDown" time="-1.616245414311E9">
    <skipped/>
  </testcase> <!-- @AfterMethod tearDown -->
  <testcase classname="com.spicejet.qa.testcases.LoginPageTest" name="@BeforeMethod setUp" time="-1.616245414311E9">
    <skipped/>
  </testcase> <!-- @BeforeMethod setUp -->
  <testcase classname="com.spicejet.qa.testcases.LoginPageTest" name="@AfterMethod tearDown" time="-1.616245414312E9">
    <skipped/>
  </testcase> <!-- @AfterMethod tearDown -->
  <testcase classname="com.spicejet.qa.testcases.LoginPageTest" name="loginPageTitleTest" time="0.0">
    <skipped/>
  </testcase> <!-- loginPageTitleTest -->
  <testcase classname="com.spicejet.qa.testcases.LoginPageTest" name="logoTest" time="0.0">
    <skipped/>
  </testcase> <!-- logoTest -->
  <testcase classname="com.spicejet.qa.testcases.LoginPageTest" name="loginTest" time="0.0">
    <skipped/>
  </testcase> <!-- loginTest -->
</testsuite> <!-- Command line test -->
