<?xml version="1.0" encoding="UTF-8"?>
<!-- Generated by org.testng.reporters.JUnitXMLReporter -->
<testsuite ignored="0" hostname="LAPTOP-CHVA6T2O" failures="0" tests="3" name="MyTest" time="0.049" errors="0" timestamp="2021-03-24T15:51:20 IST">
  <testcase classname="com.spicejet.qa.testcases.LoginPageTest" name="@BeforeMethod setUp" time="-1.616581280329E9">
    <failure type="org.testng.TestNGException" message="
Parameter &amp;apos;browserName&amp;apos; is required by BeforeMethod on method setUp but has not been marked @Optional or defined
">
      <![CDATA[org.testng.TestNGException: 
Parameter 'browserName' is required by BeforeMethod on method setUp but has not been marked @Optional or defined

at java.base/java.util.ArrayList.forEach(ArrayList.java:1511)
at com.spicejet.qa.testcases.DynamicTestNG.runTestNGTest(DynamicTestNG.java:63)
at com.spicejet.qa.testcases.NewDynamicTestNG.main(NewDynamicTestNG.java:68)
... Removed 25 stack frames]]>
    </failure>
  </testcase> <!-- @BeforeMethod setUp -->
  <testcase classname="com.spicejet.qa.testcases.LoginPageTest" name="@AfterMethod tearDown" time="-1.616581280338E9">
    <skipped/>
  </testcase> <!-- @AfterMethod tearDown -->
  <testcase classname="com.spicejet.qa.testcases.LoginPageTest" name="@BeforeMethod setUp" time="-1.616581280341E9">
    <skipped/>
  </testcase> <!-- @BeforeMethod setUp -->
  <testcase classname="com.spicejet.qa.testcases.LoginPageTest" name="@AfterMethod tearDown" time="-1.616581280341E9">
    <skipped/>
  </testcase> <!-- @AfterMethod tearDown -->
  <testcase classname="com.spicejet.qa.testcases.LoginPageTest" name="@BeforeMethod setUp" time="-1.616581280342E9">
    <skipped/>
  </testcase> <!-- @BeforeMethod setUp -->
  <testcase classname="com.spicejet.qa.testcases.LoginPageTest" name="@AfterMethod tearDown" time="-1.616581280342E9">
    <skipped/>
  </testcase> <!-- @AfterMethod tearDown -->
  <testcase classname="com.spicejet.qa.testcases.LoginPageTest" name="loginPageTitleTest" time="0.0">
    <skipped/>
  </testcase> <!-- loginPageTitleTest -->
  <testcase classname="com.spicejet.qa.testcases.LoginPageTest" name="logoTest" time="0.0">
    <skipped/>
  </testcase> <!-- logoTest -->
  <testcase classname="com.spicejet.qa.testcases.LoginPageTest" name="loginTest" time="0.0">
    <skipped/>
  </testcase> <!-- loginTest -->
</testsuite> <!-- MyTest -->
