<!DOCTYPE html PUBLIC "-//W3C//DTD XHTML 1.1//EN" "https://www.w3.org/TR/xhtml11/DTD/xhtml11.dtd">
<html xmlns="https://www.w3.org/1999/xhtml">
<head>
<meta http-equiv="content-type" content="text/html; charset=UTF-8"/>
<title>TestNG Report</title>
<style type="text/css">table {margin-bottom:10px;border-collapse:collapse;empty-cells:show}th,td {border:1px solid #009;padding:.25em .5em}th {vertical-align:bottom}td {vertical-align:top}table a {font-weight:bold}.stripe td {background-color: #E6EBF9}.num {text-align:right}.passedodd td {background-color: #3F3}.passedeven td {background-color: #0A0}.skippedodd td {background-color: #DDD}.skippedeven td {background-color: #CCC}.failedodd td,.attn {background-color: #F33}.failedeven td,.stripe .attn {background-color: #D00}.stacktrace {white-space:pre;font-family:monospace}.totop {font-size:85%;text-align:center;border-bottom:2px solid #000}.invisible {display:none}</style>
</head>
<body>
<table>
<tr><th>Test</th><th># Passed</th><th># Skipped</th><th># Retried</th><th># Failed</th><th>Time (ms)</th><th>Included Groups</th><th>Excluded Groups</th></tr>
<tr><th colspan="8">MySuite</th></tr>
<tr><td><a href="#t0">MyTest</a></td><td class="num">0</td><td class="num attn">3</td><td class="num">0</td><td class="num">0</td><td class="num">49</td><td></td><td></td></tr>
</table>
<table id='summary'><thead><tr><th>Class</th><th>Method</th><th>Start</th><th>Time (ms)</th></tr></thead><tbody><tr><th colspan="4">MySuite</th></tr></tbody><tbody id="t0"><tr><th colspan="4">MyTest &#8212; failed (configuration methods)</th></tr><tr class="failedeven"><td rowspan="1">com.spicejet.qa.testcases.LoginPageTest</td><td><a href="#m0">setUp</a></td><td rowspan="1">1616581280329</td><td rowspan="1">-1616581280329</td></tr><tr><th colspan="4">MyTest &#8212; skipped (configuration methods)</th></tr><tr class="skippedeven"><td rowspan="6">com.spicejet.qa.testcases.LoginPageTest</td><td><a href="#m1">quitDrivers</a></td><td rowspan="1">1616581280448</td><td rowspan="1">-1616581280448</td></tr><tr class="skippedeven"><td><a href="#m2">setUp</a></td><td rowspan="2">1616581280341</td><td rowspan="2">-1616581280341</td></tr><tr class="skippedeven"><td><a href="#m3">setUp</a></td></tr><tr class="skippedeven"><td><a href="#m4">tearDown</a></td><td rowspan="3">1616581280338</td><td rowspan="3">-1616581280338</td></tr><tr class="skippedeven"><td><a href="#m5">tearDown</a></td></tr><tr class="skippedeven"><td><a href="#m6">tearDown</a></td></tr><tr><th colspan="4">MyTest &#8212; skipped</th></tr><tr class="skippedeven"><td rowspan="3">com.spicejet.qa.testcases.LoginPageTest</td><td><a href="#m7">loginPageTitleTest</a></td><td rowspan="1">1616581280335</td><td rowspan="1">0</td></tr><tr class="skippedeven"><td><a href="#m8">loginTest</a></td><td rowspan="1">1616581280342</td><td rowspan="1">0</td></tr><tr class="skippedeven"><td><a href="#m9">logoTest</a></td><td rowspan="1">1616581280341</td><td rowspan="1">0</td></tr></tbody>
</table>
<h2>MyTest</h2><h3 id="m0">com.spicejet.qa.testcases.LoginPageTest#setUp</h3><table class="result"><tr><th>Exception</th></tr><tr><td><div class="stacktrace">org.testng.TestNGException: 
Parameter &apos;browserName&apos; is required by BeforeMethod on method setUp but has not been marked @Optional or defined

	at java.base/java.util.ArrayList.forEach(ArrayList.java:1511)
	at com.spicejet.qa.testcases.DynamicTestNG.runTestNGTest(DynamicTestNG.java:63)
	at com.spicejet.qa.testcases.NewDynamicTestNG.main(NewDynamicTestNG.java:68)
... Removed 25 stack frames</div></td></tr></table><p class="totop"><a href="#summary">back to summary</a></p>
<h3 id="m1">com.spicejet.qa.testcases.LoginPageTest#quitDrivers</h3><table class="result"><tr><th class="invisible"/></tr></table><p class="totop"><a href="#summary">back to summary</a></p>
<h3 id="m2">com.spicejet.qa.testcases.LoginPageTest#setUp</h3><table class="result"><tr><th class="invisible"/></tr></table><p class="totop"><a href="#summary">back to summary</a></p>
<h3 id="m3">com.spicejet.qa.testcases.LoginPageTest#setUp</h3><table class="result"><tr><th class="invisible"/></tr></table><p class="totop"><a href="#summary">back to summary</a></p>
<h3 id="m4">com.spicejet.qa.testcases.LoginPageTest#tearDown</h3><table class="result"><tr><th class="invisible"/></tr></table><p class="totop"><a href="#summary">back to summary</a></p>
<h3 id="m5">com.spicejet.qa.testcases.LoginPageTest#tearDown</h3><table class="result"><tr><th class="invisible"/></tr></table><p class="totop"><a href="#summary">back to summary</a></p>
<h3 id="m6">com.spicejet.qa.testcases.LoginPageTest#tearDown</h3><table class="result"><tr><th class="invisible"/></tr></table><p class="totop"><a href="#summary">back to summary</a></p>
<h3 id="m7">com.spicejet.qa.testcases.LoginPageTest#loginPageTitleTest</h3><table class="result"><tr><th>Exception</th></tr><tr><td><div class="stacktrace">org.testng.TestNGException: 
Parameter &apos;browserName&apos; is required by BeforeMethod on method setUp but has not been marked @Optional or defined

	at java.base/java.util.ArrayList.forEach(ArrayList.java:1511)
	at com.spicejet.qa.testcases.DynamicTestNG.runTestNGTest(DynamicTestNG.java:63)
	at com.spicejet.qa.testcases.NewDynamicTestNG.main(NewDynamicTestNG.java:68)
... Removed 25 stack frames</div></td></tr></table><p class="totop"><a href="#summary">back to summary</a></p>
<h3 id="m8">com.spicejet.qa.testcases.LoginPageTest#loginTest</h3><table class="result"><tr><th>Exception</th></tr><tr><td><div class="stacktrace">org.testng.TestNGException: 
Parameter &apos;browserName&apos; is required by BeforeMethod on method setUp but has not been marked @Optional or defined

	at java.base/java.util.ArrayList.forEach(ArrayList.java:1511)
	at com.spicejet.qa.testcases.DynamicTestNG.runTestNGTest(DynamicTestNG.java:63)
	at com.spicejet.qa.testcases.NewDynamicTestNG.main(NewDynamicTestNG.java:68)
... Removed 25 stack frames</div></td></tr></table><p class="totop"><a href="#summary">back to summary</a></p>
<h3 id="m9">com.spicejet.qa.testcases.LoginPageTest#logoTest</h3><table class="result"><tr><th>Exception</th></tr><tr><td><div class="stacktrace">org.testng.TestNGException: 
Parameter &apos;browserName&apos; is required by BeforeMethod on method setUp but has not been marked @Optional or defined

	at java.base/java.util.ArrayList.forEach(ArrayList.java:1511)
	at com.spicejet.qa.testcases.DynamicTestNG.runTestNGTest(DynamicTestNG.java:63)
	at com.spicejet.qa.testcases.NewDynamicTestNG.main(NewDynamicTestNG.java:68)
... Removed 25 stack frames</div></td></tr></table><p class="totop"><a href="#summary">back to summary</a></p>
</body>
</html>
